\BOOKMARK [0][-]{chapter*.1}{Abstract}{}% 1
\BOOKMARK [0][-]{chapter.1}{Background}{}% 2
\BOOKMARK [1][-]{section.1.1}{The SWAN framework}{chapter.1}% 3
\BOOKMARK [2][-]{subsection.1.1.1}{SWAN sensors}{section.1.1}% 4
\BOOKMARK [2][-]{subsection.1.1.2}{SWAN-Song}{section.1.1}% 5
\BOOKMARK [2][-]{subsection.1.1.3}{Architecture}{section.1.1}% 6
\BOOKMARK [1][-]{section.1.2}{The Cowbird framework}{chapter.1}% 7
\BOOKMARK [2][-]{subsection.1.2.1}{Cowbird architecture details}{section.1.2}% 8
\BOOKMARK [2][-]{subsection.1.2.2}{Cowbird communication optimization}{section.1.2}% 9
\BOOKMARK [1][-]{section.1.3}{Cowbird limitations}{chapter.1}% 10
\BOOKMARK [0][-]{chapter.2}{Related work}{}% 11
\BOOKMARK [1][-]{section.2.1}{Batch-Mode architecture}{chapter.2}% 12
\BOOKMARK [1][-]{section.2.2}{Real-time streaming architecture}{chapter.2}% 13
\BOOKMARK [2][-]{subsection.2.2.1}{Distributed message broker}{section.2.2}% 14
\BOOKMARK [2][-]{subsection.2.2.2}{Low latency processing}{section.2.2}% 15
\BOOKMARK [2][-]{subsection.2.2.3}{Batch processing}{section.2.2}% 16
\BOOKMARK [2][-]{subsection.2.2.4}{Persistence}{section.2.2}% 17
\BOOKMARK [2][-]{subsection.2.2.5}{Streaming architectures for IoT scenarios}{section.2.2}% 18
\BOOKMARK [0][-]{chapter.3}{Stream processing frameworks}{}% 19
\BOOKMARK [1][-]{section.3.1}{Overview}{chapter.3}% 20
\BOOKMARK [1][-]{section.3.2}{Apache Storm}{chapter.3}% 21
\BOOKMARK [1][-]{section.3.3}{Apache Samza}{chapter.3}% 22
\BOOKMARK [1][-]{section.3.4}{Apache Spark Streaming}{chapter.3}% 23
\BOOKMARK [1][-]{section.3.5}{Apache Flink}{chapter.3}% 24
\BOOKMARK [1][-]{section.3.6}{Kafka Streams}{chapter.3}% 25
\BOOKMARK [1][-]{section.3.7}{Benchmarking and comparison}{chapter.3}% 26
\BOOKMARK [2][-]{subsection.3.7.1}{The benchmarking framework}{section.3.7}% 27
\BOOKMARK [2][-]{subsection.3.7.2}{Setup}{section.3.7}% 28
\BOOKMARK [2][-]{subsection.3.7.3}{Results}{section.3.7}% 29
\BOOKMARK [0][-]{chapter.4}{Design \046 implementation}{}% 30
\BOOKMARK [1][-]{section.4.1}{Distributed Cowbirds}{chapter.4}% 31
\BOOKMARK [1][-]{section.4.2}{Cowbird Fog}{chapter.4}% 32
\BOOKMARK [1][-]{section.4.3}{Cowbird Streams}{chapter.4}% 33
\BOOKMARK [2][-]{subsection.4.3.1}{SWAN-Song evaluation on Cowbird Streams}{section.4.3}% 34
\BOOKMARK [2][-]{subsection.4.3.2}{SWAN-Song streaming-oriented evaluation}{section.4.3}% 35
\BOOKMARK [1][-]{section.4.4}{Recap}{chapter.4}% 36
